<?xml version="1.0" encoding="UTF-8"?>
<!-- Generated by org.testng.reporters.JUnitReportReporter -->
<testsuite skipped="0" hostname="DESKTOP-NO0C896" name="HotelBookingTest" tests="1" failures="0" timestamp="13 Dec 2018 10:19:07 GMT" time="28.549" errors="0">
  <testcase name="shouldBeAbleToSearchForHotels" time="28.549" classname="HotelBookingTest"/>
</testsuite> <!-- HotelBookingTest -->
