<?xml version="1.0" encoding="UTF-8"?>
<!-- Generated by org.testng.reporters.JUnitReportReporter -->
<testsuite skipped="0" hostname="DESKTOP-NO0C896" name="FlightBookingTest" tests="1" failures="0" timestamp="13 Dec 2018 07:34:46 GMT" time="18.606" errors="0">
  <testcase name="testThatResultsAppearForAOneWayJourney" time="18.606" classname="FlightBookingTest"/>
</testsuite> <!-- FlightBookingTest -->
