<?xml version="1.0" encoding="UTF-8"?>
<!-- Generated by org.testng.reporters.JUnitReportReporter -->
<testsuite skipped="0" hostname="DESKTOP-NO0C896" name="SignInTest" tests="1" failures="0" timestamp="13 Dec 2018 07:48:33 GMT" time="8.236" errors="0">
  <testcase name="shouldThrowAnErrorIfSignInDetailsAreMissing" time="8.236" classname="SignInTest"/>
</testsuite> <!-- SignInTest -->
